<?xml version="1.0" encoding="UTF-8"?>
<testng-results ignored="0" total="3" passed="3" failed="0" skipped="0">
  <reporter-output>
  </reporter-output>
  <suite started-at="2025-05-15T14:01:47 EEST" name="SauseLabSuite" finished-at="2025-05-15T14:02:24 EEST" duration-ms="36806">
    <groups>
    </groups>
    <test started-at="2025-05-15T14:01:47 EEST" name="ProductsTest" finished-at="2025-05-15T14:02:24 EEST" duration-ms="36806">
      <class name="Tests.TestProduct">
        <test-method is-config="true" signature="setUp()[pri:0, instance:Tests.TestProduct@43c1b556]" started-at="2025-05-15T14:01:47 EEST" name="setUp" finished-at="2025-05-15T14:02:03 EEST" duration-ms="16147" status="PASS">
          <reporter-output>
          </reporter-output>
        </test-method> <!-- setUp -->
        <test-method signature="Login()[pri:1, instance:Tests.TestProduct@43c1b556]" started-at="2025-05-15T14:02:04 EEST" name="Login" finished-at="2025-05-15T14:02:11 EEST" duration-ms="7967" status="PASS">
          <reporter-output>
          </reporter-output>
        </test-method> <!-- Login -->
        <test-method signature="TC_add_001_testaddtocart()[pri:2, instance:Tests.TestProduct@43c1b556]" started-at="2025-05-15T14:02:12 EEST" name="TC_add_001_testaddtocart" finished-at="2025-05-15T14:02:17 EEST" duration-ms="5693" status="PASS">
          <reporter-output>
          </reporter-output>
        </test-method> <!-- TC_add_001_testaddtocart -->
        <test-method signature="TC_remove_001_testremovetocart()[pri:3, instance:Tests.TestProduct@43c1b556]" started-at="2025-05-15T14:02:17 EEST" name="TC_remove_001_testremovetocart" finished-at="2025-05-15T14:02:23 EEST" duration-ms="5804" status="PASS">
          <reporter-output>
          </reporter-output>
        </test-method> <!-- TC_remove_001_testremovetocart -->
        <test-method is-config="true" signature="tearDown()[pri:0, instance:Tests.TestProduct@43c1b556]" started-at="2025-05-15T14:02:23 EEST" name="tearDown" finished-at="2025-05-15T14:02:24 EEST" duration-ms="1045" status="PASS">
          <reporter-output>
          </reporter-output>
        </test-method> <!-- tearDown -->
      </class> <!-- Tests.TestProduct -->
    </test> <!-- ProductsTest -->
  </suite> <!-- SauseLabSuite -->
</testng-results>
