<?xml version="1.0" encoding="UTF-8"?>
<!-- Generated by org.testng.reporters.JUnitXMLReporter -->
<testsuite ignored="0" hostname="DinaPC" failures="8" tests="8" name="LoginTest" time="13.326" errors="0" timestamp="2025-05-15T15:08:22 EEST">
  <testcase classname="Tests.TestLogin" name="TC_Login_005_testInvalidUsernameAndPassword" time="0.045">
    <failure type="java.lang.IllegalArgumentException" message="Input must be set">
      <![CDATA[java.lang.IllegalArgumentException: Input must be set
at org.openqa.selenium.internal.Require.nonNull(Require.java:60)
at org.openqa.selenium.support.ui.FluentWait.<init>(FluentWait.java:94)
at org.openqa.selenium.support.ui.WebDriverWait.<init>(WebDriverWait.java:74)
at org.openqa.selenium.support.ui.WebDriverWait.<init>(WebDriverWait.java:43)
at Pages.LoginPage.<init>(LoginPage.java:17)
at Tests.TestLogin.TC_Login_005_testInvalidUsernameAndPassword(TestLogin.java:12)
at java.base/java.util.ArrayList.forEach(ArrayList.java:1596)
... Removed 25 stack frames]]>
    </failure>
  </testcase> <!-- TC_Login_005_testInvalidUsernameAndPassword -->
  <testcase classname="Tests.TestLogin" name="TC_Login_001_testValidLogin" time="0.003">
    <failure type="java.lang.IllegalArgumentException" message="Input must be set">
      <![CDATA[java.lang.IllegalArgumentException: Input must be set
at org.openqa.selenium.internal.Require.nonNull(Require.java:60)
at org.openqa.selenium.support.ui.FluentWait.<init>(FluentWait.java:94)
at org.openqa.selenium.support.ui.WebDriverWait.<init>(WebDriverWait.java:74)
at org.openqa.selenium.support.ui.WebDriverWait.<init>(WebDriverWait.java:43)
at Pages.LoginPage.<init>(LoginPage.java:17)
at Tests.TestLogin.TC_Login_001_testValidLogin(TestLogin.java:20)
at java.base/java.util.ArrayList.forEach(ArrayList.java:1596)
... Removed 25 stack frames]]>
    </failure>
  </testcase> <!-- TC_Login_001_testValidLogin -->
  <testcase classname="Tests.TestLogin" name="TC_Login_008_testLockedUserLogin" time="0.002">
    <failure type="java.lang.IllegalArgumentException" message="Input must be set">
      <![CDATA[java.lang.IllegalArgumentException: Input must be set
at org.openqa.selenium.internal.Require.nonNull(Require.java:60)
at org.openqa.selenium.support.ui.FluentWait.<init>(FluentWait.java:94)
at org.openqa.selenium.support.ui.WebDriverWait.<init>(WebDriverWait.java:74)
at org.openqa.selenium.support.ui.WebDriverWait.<init>(WebDriverWait.java:43)
at Pages.LoginPage.<init>(LoginPage.java:17)
at Tests.TestLogin.TC_Login_008_testLockedUserLogin(TestLogin.java:29)
at java.base/java.util.ArrayList.forEach(ArrayList.java:1596)
... Removed 25 stack frames]]>
    </failure>
  </testcase> <!-- TC_Login_008_testLockedUserLogin -->
  <testcase classname="Tests.TestLogin" name="TC_Login_002_testEmptyUsernameAndPassword" time="0.001">
    <failure type="java.lang.IllegalArgumentException" message="Input must be set">
      <![CDATA[java.lang.IllegalArgumentException: Input must be set
at org.openqa.selenium.internal.Require.nonNull(Require.java:60)
at org.openqa.selenium.support.ui.FluentWait.<init>(FluentWait.java:94)
at org.openqa.selenium.support.ui.WebDriverWait.<init>(WebDriverWait.java:74)
at org.openqa.selenium.support.ui.WebDriverWait.<init>(WebDriverWait.java:43)
at Pages.LoginPage.<init>(LoginPage.java:17)
at Tests.TestLogin.TC_Login_002_testEmptyUsernameAndPassword(TestLogin.java:38)
at java.base/java.util.ArrayList.forEach(ArrayList.java:1596)
... Removed 25 stack frames]]>
    </failure>
  </testcase> <!-- TC_Login_002_testEmptyUsernameAndPassword -->
  <testcase classname="Tests.TestLogin" name="TC_Login_006_testInvalidUsername" time="0.002">
    <failure type="java.lang.IllegalArgumentException" message="Input must be set">
      <![CDATA[java.lang.IllegalArgumentException: Input must be set
at org.openqa.selenium.internal.Require.nonNull(Require.java:60)
at org.openqa.selenium.support.ui.FluentWait.<init>(FluentWait.java:94)
at org.openqa.selenium.support.ui.WebDriverWait.<init>(WebDriverWait.java:74)
at org.openqa.selenium.support.ui.WebDriverWait.<init>(WebDriverWait.java:43)
at Pages.LoginPage.<init>(LoginPage.java:17)
at Tests.TestLogin.TC_Login_006_testInvalidUsername(TestLogin.java:48)
at java.base/java.util.ArrayList.forEach(ArrayList.java:1596)
... Removed 25 stack frames]]>
    </failure>
  </testcase> <!-- TC_Login_006_testInvalidUsername -->
  <testcase classname="Tests.TestLogin" name="TC_Login_004_testEmptyPassword" time="0.004">
    <failure type="java.lang.IllegalArgumentException" message="Input must be set">
      <![CDATA[java.lang.IllegalArgumentException: Input must be set
at org.openqa.selenium.internal.Require.nonNull(Require.java:60)
at org.openqa.selenium.support.ui.FluentWait.<init>(FluentWait.java:94)
at org.openqa.selenium.support.ui.WebDriverWait.<init>(WebDriverWait.java:74)
at org.openqa.selenium.support.ui.WebDriverWait.<init>(WebDriverWait.java:43)
at Pages.LoginPage.<init>(LoginPage.java:17)
at Tests.TestLogin.TC_Login_004_testEmptyPassword(TestLogin.java:56)
at java.base/java.util.ArrayList.forEach(ArrayList.java:1596)
... Removed 25 stack frames]]>
    </failure>
  </testcase> <!-- TC_Login_004_testEmptyPassword -->
  <testcase classname="Tests.TestLogin" name="TC_Login_007_testInvalidPassword" time="0.003">
    <failure type="java.lang.IllegalArgumentException" message="Input must be set">
      <![CDATA[java.lang.IllegalArgumentException: Input must be set
at org.openqa.selenium.internal.Require.nonNull(Require.java:60)
at org.openqa.selenium.support.ui.FluentWait.<init>(FluentWait.java:94)
at org.openqa.selenium.support.ui.WebDriverWait.<init>(WebDriverWait.java:74)
at org.openqa.selenium.support.ui.WebDriverWait.<init>(WebDriverWait.java:43)
at Pages.LoginPage.<init>(LoginPage.java:17)
at Tests.TestLogin.TC_Login_007_testInvalidPassword(TestLogin.java:66)
at java.base/java.util.ArrayList.forEach(ArrayList.java:1596)
... Removed 25 stack frames]]>
    </failure>
  </testcase> <!-- TC_Login_007_testInvalidPassword -->
  <testcase classname="Tests.TestLogin" name="TC_Login_003_testEmptyUsername" time="0.003">
    <failure type="java.lang.IllegalArgumentException" message="Input must be set">
      <![CDATA[java.lang.IllegalArgumentException: Input must be set
at org.openqa.selenium.internal.Require.nonNull(Require.java:60)
at org.openqa.selenium.support.ui.FluentWait.<init>(FluentWait.java:94)
at org.openqa.selenium.support.ui.WebDriverWait.<init>(WebDriverWait.java:74)
at org.openqa.selenium.support.ui.WebDriverWait.<init>(WebDriverWait.java:43)
at Pages.LoginPage.<init>(LoginPage.java:17)
at Tests.TestLogin.TC_Login_003_testEmptyUsername(TestLogin.java:74)
at java.base/java.util.ArrayList.forEach(ArrayList.java:1596)
... Removed 25 stack frames]]>
    </failure>
  </testcase> <!-- TC_Login_003_testEmptyUsername -->
</testsuite> <!-- LoginTest -->
