<?xml version="1.0" encoding="UTF-8"?>
<!-- Generated by org.testng.reporters.JUnitXMLReporter -->
<testsuite ignored="0" hostname="DinaPC" failures="0" tests="3" name="ProductsTest" time="36.806" errors="0" timestamp="2025-05-15T14:02:24 EEST">
  <testcase classname="Tests.TestProduct" name="Login" time="7.967"/>
  <testcase classname="Tests.TestProduct" name="TC_add_001_testaddtocart" time="5.693"/>
  <testcase classname="Tests.TestProduct" name="TC_remove_001_testremovetocart" time="5.804"/>
</testsuite> <!-- ProductsTest -->
